data.dir
├── ptbxhb
│   ├── cvlhomp
│   ├── dsflwow
│   ├── kxbrkyhirjd
│   │   ├── mbyu
│   │   ├── rs
│   │   ├── sts
│   │   ├── uricjm
│   │   ├── vxchxjqrs
│   │   └── wlpnvtyjg
│   │       ├── aduuf
│   │       ├── bc
│   │       ├── javb
│   │       ├── owpbo
│   │       └── ved
│   ├── pcjjffpw
│   └── sthu
└── yhdhqwmq
    ├── cqrn
    ├── jwhenvdosdjs
    │   ├── bxgxgmm
    │   ├── exuyhyzcf
    │   │   ├── awrvokohb
    │   │   ├── dplftre
    │   │   ├── hptu
    │   │   ├── ozjykqfh
    │   │   └── trsrqswp
    │   ├── ohmb
    │   ├── pavumnsie
    │   ├── vfyvcqr
    │   ├── yxqwhjelz
    │   ├── zewgsijkl
    │   └── zxwaw
    ├── komutvkr
    ├── kvpmxz
    ├── leq
    └── zvyslwj
